<?xml version="1.0" encoding="UTF-8"?>
<!-- Generated by org.testng.reporters.JUnitXMLReporter -->
<testsuite ignored="4" hostname="BISWANATHA" failures="1" tests="3" name="Test" time="0.351" errors="0" timestamp="2025-07-17T14:56:37 IST">
  <testcase classname="Using_Listeners.TextExcution" name="demo" time="0.06">
    <failure type="java.lang.AssertionError" message="null">
      <![CDATA[java.lang.AssertionError: null
at Using_Listeners.TextExcution.demo(TextExcution.java:14)
at java.base/java.util.ArrayList.forEach(ArrayList.java:1597)
... Removed 27 stack frames]]>
    </failure>
  </testcase> <!-- demo -->
  <testcase classname="Using_Listeners.TextExcution" name="demo2" time="0.023"/>
  <testcase classname="Using_Listeners.Test_scearion" name="demo3" time="0.027"/>
  <testcase classname="Baseclass_utility.BaseClass" name="@BeforeSuite bs" time="0.0">
    <ignored/>
  </testcase> <!-- @BeforeSuite bs -->
  <testcase classname="Baseclass_utility.BaseClass" name="@AfterTest at" time="0.0">
    <ignored/>
  </testcase> <!-- @AfterTest at -->
  <testcase classname="Baseclass_utility.BaseClass" name="@BeforeTest bt" time="0.0">
    <ignored/>
  </testcase> <!-- @BeforeTest bt -->
  <testcase classname="Baseclass_utility.BaseClass" name="@AfterSuite as" time="0.0">
    <ignored/>
  </testcase> <!-- @AfterSuite as -->
</testsuite> <!-- Test -->
