<?xml version="1.0" encoding="UTF-8"?>
<!-- Generated by org.testng.reporters.JUnitXMLReporter -->
<testsuite ignored="0" hostname="BISWANATHA" failures="0" tests="3" name="Test_e" time="80.503" errors="0" timestamp="2025-07-14T15:24:58 IST">
  <testcase classname="TestNG02_pratice_program.Swigy_parallel" name="a_login" time="7.609"/>
  <testcase classname="TestNG02_pratice_program.Facebook_parallel" name="a_login" time="38.317"/>
  <testcase classname="TestNG02_pratice_program.Amazon_login_Page" name="a_login" time="34.397"/>
</testsuite> <!-- Test_e -->
