<?xml version="1.0" encoding="UTF-8"?>
<!-- Generated by org.testng.reporters.JUnitReportReporter -->
<testsuite hostname="BISWANATHA" failures="0" tests="2" name="TestNG_Program.Using_invocation_class" time="0.007" errors="0" timestamp="2025-07-11T18:45:31 IST" skipped="0">
  <testcase classname="TestNG_Program.Using_invocation_class" name="animal" time="0.003"/>
  <testcase classname="TestNG_Program.Using_invocation_class" name="cat" time="0.004"/>
</testsuite> <!-- TestNG_Program.Using_invocation_class -->
