<?xml version="1.0" encoding="UTF-8"?>
<!-- Generated by org.testng.reporters.JUnitReportReporter -->
<testsuite hostname="BISWANATHA" failures="0" tests="2" name="TestNG02_pratice_program.Amazon_login_Page" time="43.636" errors="0" timestamp="2025-07-14T15:26:25 IST" skipped="0">
  <testcase classname="TestNG02_pratice_program.Amazon_login_Page" name="a_login" time="9.239"/>
  <testcase classname="TestNG02_pratice_program.Amazon_login_Page" name="a_login" time="34.397"/>
</testsuite> <!-- TestNG02_pratice_program.Amazon_login_Page -->
