<?xml version="1.0" encoding="UTF-8"?>
<!-- Generated by org.testng.reporters.JUnitReportReporter -->
<testsuite hostname="BISWANATHA" failures="0" tests="1" name="TestNG01_pratice_Program.Amazon_Login" time="88.445" errors="0" timestamp="2025-07-28T16:41:41 IST" skipped="0">
  <testcase classname="TestNG01_pratice_Program.Amazon_Login" name="A_login" time="88.445">
    <system-out>
      <![CDATA[login amazon successfully]]>
    </system-out>
  </testcase> <!-- A_login -->
  <system-out>
    <![CDATA[ confirm login message flipkart :Terms of Use
confirm message from facebook :Create a Page for a celebrity, brand or business.
login amazon successfully
 Swigy login successfully]]>
  </system-out>
</testsuite> <!-- TestNG01_pratice_Program.Amazon_Login -->
