<?xml version="1.0" encoding="UTF-8"?>
<!-- Generated by org.testng.reporters.JUnitReportReporter -->
<testsuite hostname="BISWANATHA" failures="0" tests="4" name="TestNG_Program.Depend_On_Method" time="0.047" errors="0" timestamp="2025-07-11T18:45:31 IST" skipped="0">
  <testcase classname="TestNG_Program.Depend_On_Method" name="Company" time="0.012"/>
  <testcase classname="TestNG_Program.Depend_On_Method" name="Company" time="0.007"/>
  <testcase classname="TestNG_Program.Depend_On_Method" name="School" time="0.022"/>
  <testcase classname="TestNG_Program.Depend_On_Method" name="College" time="0.006"/>
</testsuite> <!-- TestNG_Program.Depend_On_Method -->
