<?xml version="1.0" encoding="UTF-8"?>
<!-- Generated by org.testng.reporters.JUnitReportReporter -->
<testsuite hostname="BISWANATHA" failures="0" tests="1" name="TestNG01_pratice_Program.Flipkart" time="86.062" errors="0" timestamp="2025-07-28T16:41:41 IST" skipped="0">
  <testcase classname="TestNG01_pratice_Program.Flipkart" name="fli_login" time="86.062">
    <system-out>
      <![CDATA[ confirm login message flipkart :Terms of Use]]>
    </system-out>
  </testcase> <!-- fli_login -->
  <system-out>
    <![CDATA[ confirm login message flipkart :Terms of Use
confirm message from facebook :Create a Page for a celebrity, brand or business.
login amazon successfully
 Swigy login successfully]]>
  </system-out>
</testsuite> <!-- TestNG01_pratice_Program.Flipkart -->
