<?xml version="1.0" encoding="UTF-8"?>
<!-- Generated by org.testng.reporters.JUnitReportReporter -->
<testsuite hostname="BISWANATHA" failures="0" tests="2" name="TestNG_Program.Enabeld_class" time="0.004" errors="0" timestamp="2025-07-11T18:45:31 IST" skipped="1">
  <testcase classname="TestNG_Program.Enabeld_class" name="father" time="0.004"/>
  <testcase classname="TestNG_Program.Enabeld_class" name="Child">
    <skipped/>
  </testcase> <!-- Child -->
</testsuite> <!-- TestNG_Program.Enabeld_class -->
