<?xml version="1.0" encoding="UTF-8"?>
<!-- Generated by org.testng.reporters.JUnitReportReporter -->
<testsuite hostname="BISWANATHA" failures="0" tests="1" name="TestNG01_pratice_Program.Swigy_login" time="88.768" errors="0" timestamp="2025-07-28T16:41:41 IST" skipped="0">
  <testcase classname="TestNG01_pratice_Program.Swigy_login" name="S_login" time="88.768">
    <system-out>
      <![CDATA[ Swigy login successfully]]>
    </system-out>
  </testcase> <!-- S_login -->
  <system-out>
    <![CDATA[ confirm login message flipkart :Terms of Use
confirm message from facebook :Create a Page for a celebrity, brand or business.
login amazon successfully
 Swigy login successfully]]>
  </system-out>
</testsuite> <!-- TestNG01_pratice_Program.Swigy_login -->
