<?xml version="1.0" encoding="UTF-8"?>
<!-- Generated by org.testng.reporters.JUnitReportReporter -->
<testsuite hostname="BISWANATHA" failures="0" tests="2" name="TestNG02_pratice_program.Facebook_parallel" time="59.586" errors="0" timestamp="2025-07-14T15:26:25 IST" skipped="0">
  <testcase classname="TestNG02_pratice_program.Facebook_parallel" name="a_login" time="38.317"/>
  <testcase classname="TestNG02_pratice_program.Facebook_parallel" name="a_login" time="21.269"/>
</testsuite> <!-- TestNG02_pratice_program.Facebook_parallel -->
